CRITICAL - 2023-05-23 15:49:06 --> Class 'app\Models\RegisterModel' not found
in APPPATH\Controllers\Register.php on line 12.
 1 SYSTEMPATH\CodeIgniter.php(934): App\Controllers\Register->registerController()
 2 SYSTEMPATH\CodeIgniter.php(499): CodeIgniter\CodeIgniter->runController(Object(App\Controllers\Register))
 3 SYSTEMPATH\CodeIgniter.php(368): CodeIgniter\CodeIgniter->handleRequest(null, Object(Config\Cache), false)
 4 FCPATH\index.php(67): CodeIgniter\CodeIgniter->run()
 5 SYSTEMPATH\Commands\Server\rewrite.php(47): require_once('C:\\Users\\Marketing\\Desktop\\Vue\\CI Prac\\Data-Storage\\storage\\public\\index.php')
CRITICAL - 2023-05-23 15:53:36 --> Class 'app\Models\RegisterModel' not found
in APPPATH\Controllers\Register.php on line 12.
 1 SYSTEMPATH\CodeIgniter.php(934): App\Controllers\Register->registerController()
 2 SYSTEMPATH\CodeIgniter.php(499): CodeIgniter\CodeIgniter->runController(Object(App\Controllers\Register))
 3 SYSTEMPATH\CodeIgniter.php(368): CodeIgniter\CodeIgniter->handleRequest(null, Object(Config\Cache), false)
 4 FCPATH\index.php(67): CodeIgniter\CodeIgniter->run()
 5 SYSTEMPATH\Commands\Server\rewrite.php(47): require_once('C:\\Users\\Marketing\\Desktop\\Vue\\CI Prac\\Data-Storage\\storage\\public\\index.php')
CRITICAL - 2023-05-23 15:53:55 --> Class 'app\Models\RegisterModel' not found
in APPPATH\Controllers\Register.php on line 12.
 1 SYSTEMPATH\CodeIgniter.php(934): App\Controllers\Register->registerController()
 2 SYSTEMPATH\CodeIgniter.php(499): CodeIgniter\CodeIgniter->runController(Object(App\Controllers\Register))
 3 SYSTEMPATH\CodeIgniter.php(368): CodeIgniter\CodeIgniter->handleRequest(null, Object(Config\Cache), false)
 4 FCPATH\index.php(67): CodeIgniter\CodeIgniter->run()
 5 SYSTEMPATH\Commands\Server\rewrite.php(47): require_once('C:\\Users\\Marketing\\Desktop\\Vue\\CI Prac\\Data-Storage\\storage\\public\\index.php')
CRITICAL - 2023-05-23 15:54:48 --> Class 'app\Models\RegisterModel' not found
in APPPATH\Controllers\Register.php on line 12.
 1 SYSTEMPATH\CodeIgniter.php(934): App\Controllers\Register->registerController()
 2 SYSTEMPATH\CodeIgniter.php(499): CodeIgniter\CodeIgniter->runController(Object(App\Controllers\Register))
 3 SYSTEMPATH\CodeIgniter.php(368): CodeIgniter\CodeIgniter->handleRequest(null, Object(Config\Cache), false)
 4 FCPATH\index.php(67): CodeIgniter\CodeIgniter->run()
 5 SYSTEMPATH\Commands\Server\rewrite.php(47): require_once('C:\\Users\\Marketing\\Desktop\\Vue\\CI Prac\\Data-Storage\\storage\\public\\index.php')
CRITICAL - 2023-05-23 15:55:08 --> Class 'app\Models\RegisterModel' not found
in APPPATH\Controllers\Register.php on line 12.
 1 SYSTEMPATH\CodeIgniter.php(934): App\Controllers\Register->registerController()
 2 SYSTEMPATH\CodeIgniter.php(499): CodeIgniter\CodeIgniter->runController(Object(App\Controllers\Register))
 3 SYSTEMPATH\CodeIgniter.php(368): CodeIgniter\CodeIgniter->handleRequest(null, Object(Config\Cache), false)
 4 FCPATH\index.php(67): CodeIgniter\CodeIgniter->run()
 5 SYSTEMPATH\Commands\Server\rewrite.php(47): require_once('C:\\Users\\Marketing\\Desktop\\Vue\\CI Prac\\Data-Storage\\storage\\public\\index.php')
CRITICAL - 2023-05-23 15:57:08 --> Class 'app\Models\RegisterModel' not found
in APPPATH\Controllers\Register.php on line 12.
 1 SYSTEMPATH\CodeIgniter.php(934): App\Controllers\Register->registerController()
 2 SYSTEMPATH\CodeIgniter.php(499): CodeIgniter\CodeIgniter->runController(Object(App\Controllers\Register))
 3 SYSTEMPATH\CodeIgniter.php(368): CodeIgniter\CodeIgniter->handleRequest(null, Object(Config\Cache), false)
 4 FCPATH\index.php(67): CodeIgniter\CodeIgniter->run()
 5 SYSTEMPATH\Commands\Server\rewrite.php(47): require_once('C:\\Users\\Marketing\\Desktop\\Vue\\CI Prac\\Data-Storage\\storage\\public\\index.php')
CRITICAL - 2023-05-23 15:57:28 --> Class 'app\Models\RegisterModel' not found
in APPPATH\Controllers\Register.php on line 12.
 1 SYSTEMPATH\CodeIgniter.php(934): App\Controllers\Register->registerController()
 2 SYSTEMPATH\CodeIgniter.php(499): CodeIgniter\CodeIgniter->runController(Object(App\Controllers\Register))
 3 SYSTEMPATH\CodeIgniter.php(368): CodeIgniter\CodeIgniter->handleRequest(null, Object(Config\Cache), false)
 4 FCPATH\index.php(67): CodeIgniter\CodeIgniter->run()
 5 SYSTEMPATH\Commands\Server\rewrite.php(47): require_once('C:\\Users\\Marketing\\Desktop\\Vue\\CI Prac\\Data-Storage\\storage\\public\\index.php')
CRITICAL - 2023-05-23 16:03:14 --> Class 'app\Models\RegisterModel' not found
in APPPATH\Controllers\Register.php on line 12.
 1 SYSTEMPATH\CodeIgniter.php(934): App\Controllers\Register->registerController()
 2 SYSTEMPATH\CodeIgniter.php(499): CodeIgniter\CodeIgniter->runController(Object(App\Controllers\Register))
 3 SYSTEMPATH\CodeIgniter.php(368): CodeIgniter\CodeIgniter->handleRequest(null, Object(Config\Cache), false)
 4 FCPATH\index.php(67): CodeIgniter\CodeIgniter->run()
 5 SYSTEMPATH\Commands\Server\rewrite.php(47): require_once('C:\\Users\\Marketing\\Desktop\\Vue\\CI Prac\\Data-Storage\\storage\\public\\index.php')
CRITICAL - 2023-05-23 16:03:47 --> Class 'app\Models\RegisterModel' not found
in APPPATH\Controllers\Register.php on line 12.
 1 SYSTEMPATH\CodeIgniter.php(934): App\Controllers\Register->registerController()
 2 SYSTEMPATH\CodeIgniter.php(499): CodeIgniter\CodeIgniter->runController(Object(App\Controllers\Register))
 3 SYSTEMPATH\CodeIgniter.php(368): CodeIgniter\CodeIgniter->handleRequest(null, Object(Config\Cache), false)
 4 FCPATH\index.php(67): CodeIgniter\CodeIgniter->run()
 5 SYSTEMPATH\Commands\Server\rewrite.php(47): require_once('C:\\Users\\Marketing\\Desktop\\Vue\\CI Prac\\Data-Storage\\storage\\public\\index.php')
CRITICAL - 2023-05-23 16:05:00 --> Class 'app\Models\RegisterModel' not found
in APPPATH\Controllers\Register.php on line 12.
 1 SYSTEMPATH\CodeIgniter.php(934): App\Controllers\Register->registerController()
 2 SYSTEMPATH\CodeIgniter.php(499): CodeIgniter\CodeIgniter->runController(Object(App\Controllers\Register))
 3 SYSTEMPATH\CodeIgniter.php(368): CodeIgniter\CodeIgniter->handleRequest(null, Object(Config\Cache), false)
 4 FCPATH\index.php(67): CodeIgniter\CodeIgniter->run()
 5 SYSTEMPATH\Commands\Server\rewrite.php(47): require_once('C:\\Users\\Marketing\\Desktop\\Vue\\CI Prac\\Data-Storage\\storage\\public\\index.php')
CRITICAL - 2023-05-23 16:14:56 --> Call to a member function insert() on null
in APPPATH\Models\RegisterModel.php on line 22.
 1 APPPATH\Controllers\Register.php(23): App\Models\RegisterModel->registerUser([...])
 2 SYSTEMPATH\CodeIgniter.php(934): App\Controllers\Register->registerController()
 3 SYSTEMPATH\CodeIgniter.php(499): CodeIgniter\CodeIgniter->runController(Object(App\Controllers\Register))
 4 SYSTEMPATH\CodeIgniter.php(368): CodeIgniter\CodeIgniter->handleRequest(null, Object(Config\Cache), false)
 5 FCPATH\index.php(67): CodeIgniter\CodeIgniter->run()
 6 SYSTEMPATH\Commands\Server\rewrite.php(47): require_once('C:\\Users\\Marketing\\Desktop\\Vue\\CI Prac\\Data-Storage\\storage\\public\\index.php')
CRITICAL - 2023-05-23 18:23:55 --> Class 'App\Models\LoginModel' not found
in APPPATH\Controllers\Login.php on line 8.
 1 SYSTEMPATH\Autoloader\Autoloader.php(312): include_once()
 2 SYSTEMPATH\Autoloader\Autoloader.php(289): CodeIgniter\Autoloader\Autoloader->includeFile('C:\\Users\\Marketing\\Desktop\\Vue\\CI Prac\\Data-Storage\\storage\\app\\Controllers\\Login.php')
 3 SYSTEMPATH\Autoloader\Autoloader.php(267): CodeIgniter\Autoloader\Autoloader->loadInNamespace('App\\Controllers\\Login')
 4 [internal function]: CodeIgniter\Autoloader\Autoloader->loadClass('App\\Controllers\\Login')
 5 [internal function]: spl_autoload_call('App\\Controllers\\Login')
 6 SYSTEMPATH\CodeIgniter.php(892): class_exists('\\App\\Controllers\\Login', true)
 7 SYSTEMPATH\CodeIgniter.php(486): CodeIgniter\CodeIgniter->startController()
 8 SYSTEMPATH\CodeIgniter.php(368): CodeIgniter\CodeIgniter->handleRequest(null, Object(Config\Cache), false)
 9 FCPATH\index.php(67): CodeIgniter\CodeIgniter->run()
10 SYSTEMPATH\Commands\Server\rewrite.php(47): require_once('C:\\Users\\Marketing\\Desktop\\Vue\\CI Prac\\Data-Storage\\storage\\public\\index.php')
CRITICAL - 2023-05-23 18:25:16 --> You must set the database table to be used with your query.
in SYSTEMPATH\Database\BaseConnection.php on line 883.
 1 SYSTEMPATH\Model.php(642): CodeIgniter\Database\BaseConnection->table(null)
 2 SYSTEMPATH\Model.php(832): CodeIgniter\Model->builder()
 3 SYSTEMPATH\CodeIgniter.php(907): CodeIgniter\Model->__call('initController', [...])
 4 SYSTEMPATH\CodeIgniter.php(490): CodeIgniter\CodeIgniter->createController()
 5 SYSTEMPATH\CodeIgniter.php(368): CodeIgniter\CodeIgniter->handleRequest(null, Object(Config\Cache), false)
 6 FCPATH\index.php(67): CodeIgniter\CodeIgniter->run()
 7 SYSTEMPATH\Commands\Server\rewrite.php(47): require_once('C:\\Users\\Marketing\\Desktop\\Vue\\CI Prac\\Data-Storage\\storage\\public\\index.php')
CRITICAL - 2023-05-23 18:27:39 --> You must set the database table to be used with your query.
in SYSTEMPATH\Database\BaseConnection.php on line 883.
 1 SYSTEMPATH\Model.php(642): CodeIgniter\Database\BaseConnection->table(null)
 2 SYSTEMPATH\Model.php(832): CodeIgniter\Model->builder()
 3 SYSTEMPATH\CodeIgniter.php(907): CodeIgniter\Model->__call('initController', [...])
 4 SYSTEMPATH\CodeIgniter.php(490): CodeIgniter\CodeIgniter->createController()
 5 SYSTEMPATH\CodeIgniter.php(368): CodeIgniter\CodeIgniter->handleRequest(null, Object(Config\Cache), false)
 6 FCPATH\index.php(67): CodeIgniter\CodeIgniter->run()
 7 SYSTEMPATH\Commands\Server\rewrite.php(47): require_once('C:\\Users\\Marketing\\Desktop\\Vue\\CI Prac\\Data-Storage\\storage\\public\\index.php')
CRITICAL - 2023-05-23 18:28:15 --> You must set the database table to be used with your query.
in SYSTEMPATH\Database\BaseConnection.php on line 883.
 1 SYSTEMPATH\Model.php(642): CodeIgniter\Database\BaseConnection->table(null)
 2 SYSTEMPATH\Model.php(832): CodeIgniter\Model->builder()
 3 SYSTEMPATH\CodeIgniter.php(907): CodeIgniter\Model->__call('initController', [...])
 4 SYSTEMPATH\CodeIgniter.php(490): CodeIgniter\CodeIgniter->createController()
 5 SYSTEMPATH\CodeIgniter.php(368): CodeIgniter\CodeIgniter->handleRequest(null, Object(Config\Cache), false)
 6 FCPATH\index.php(67): CodeIgniter\CodeIgniter->run()
 7 SYSTEMPATH\Commands\Server\rewrite.php(47): require_once('C:\\Users\\Marketing\\Desktop\\Vue\\CI Prac\\Data-Storage\\storage\\public\\index.php')
CRITICAL - 2023-05-23 18:28:16 --> You must set the database table to be used with your query.
in SYSTEMPATH\Database\BaseConnection.php on line 883.
 1 SYSTEMPATH\Model.php(642): CodeIgniter\Database\BaseConnection->table(null)
 2 SYSTEMPATH\Model.php(832): CodeIgniter\Model->builder()
 3 SYSTEMPATH\CodeIgniter.php(907): CodeIgniter\Model->__call('initController', [...])
 4 SYSTEMPATH\CodeIgniter.php(490): CodeIgniter\CodeIgniter->createController()
 5 SYSTEMPATH\CodeIgniter.php(368): CodeIgniter\CodeIgniter->handleRequest(null, Object(Config\Cache), false)
 6 FCPATH\index.php(67): CodeIgniter\CodeIgniter->run()
 7 SYSTEMPATH\Commands\Server\rewrite.php(47): require_once('C:\\Users\\Marketing\\Desktop\\Vue\\CI Prac\\Data-Storage\\storage\\public\\index.php')
CRITICAL - 2023-05-23 22:57:01 --> Cannot call constructor
in APPPATH\Controllers\Login.php on line 14.
 1 SYSTEMPATH\CodeIgniter.php(906): App\Controllers\Login->__construct()
 2 SYSTEMPATH\CodeIgniter.php(490): CodeIgniter\CodeIgniter->createController()
 3 SYSTEMPATH\CodeIgniter.php(368): CodeIgniter\CodeIgniter->handleRequest(null, Object(Config\Cache), false)
 4 FCPATH\index.php(67): CodeIgniter\CodeIgniter->run()
 5 SYSTEMPATH\Commands\Server\rewrite.php(47): require_once('C:\\Users\\Marketing\\Desktop\\Vue\\CI Prac\\Data-Storage\\storage\\public\\index.php')
CRITICAL - 2023-05-23 22:59:57 --> Cannot call constructor
in APPPATH\Controllers\Login.php on line 14.
 1 SYSTEMPATH\CodeIgniter.php(906): App\Controllers\Login->__construct()
 2 SYSTEMPATH\CodeIgniter.php(490): CodeIgniter\CodeIgniter->createController()
 3 SYSTEMPATH\CodeIgniter.php(368): CodeIgniter\CodeIgniter->handleRequest(null, Object(Config\Cache), false)
 4 FCPATH\index.php(67): CodeIgniter\CodeIgniter->run()
 5 SYSTEMPATH\Commands\Server\rewrite.php(47): require_once('C:\\Users\\Marketing\\Desktop\\Vue\\CI Prac\\Data-Storage\\storage\\public\\index.php')
CRITICAL - 2023-05-23 23:00:57 --> Cannot call constructor
in APPPATH\Controllers\Login.php on line 14.
 1 SYSTEMPATH\CodeIgniter.php(906): App\Controllers\Login->__construct()
 2 SYSTEMPATH\CodeIgniter.php(490): CodeIgniter\CodeIgniter->createController()
 3 SYSTEMPATH\CodeIgniter.php(368): CodeIgniter\CodeIgniter->handleRequest(null, Object(Config\Cache), false)
 4 FCPATH\index.php(67): CodeIgniter\CodeIgniter->run()
 5 SYSTEMPATH\Commands\Server\rewrite.php(47): require_once('C:\\Users\\Marketing\\Desktop\\Vue\\CI Prac\\Data-Storage\\storage\\public\\index.php')
